<?xml version="1.0" encoding="UTF-8"?>
<!-- Generated by org.testng.reporters.JUnitReportReporter -->
<testsuite hostname="DELL-C0HKRC2" failures="0" tests="1" name="pruebas.Laboratorio6_E1a" time="2.207" errors="0" timestamp="2021-10-24T14:39:27 ART" skipped="0">
  <testcase classname="pruebas.Laboratorio6_E1a" name="buscarPalabra" time="2.207"/>
  <system-out/>
</testsuite> <!-- pruebas.Laboratorio6_E1a -->
