<?xml version="1.0" encoding="UTF-8"?>
<!-- Generated by org.testng.reporters.JUnitReportReporter -->
<testsuite hostname="DELL-C0HKRC2" failures="0" tests="2" name="pruebas.Laboratorio4_E1" time="9.291" errors="0" timestamp="2021-10-02T14:57:03 ART" skipped="0">
  <testcase classname="pruebas.Laboratorio4_E1" name="irRegistroLogin" time="4.242"/>
  <system-out/>
  <testcase classname="pruebas.Laboratorio4_E1" name="crearCuentaInvalida" time="5.049"/>
  <system-out/>
</testsuite> <!-- pruebas.Laboratorio4_E1 -->
