<?xml version="1.0" encoding="UTF-8"?>
<!-- Generated by org.testng.reporters.JUnitReportReporter -->
<testsuite hostname="DELL-C0HKRC2" failures="0" tests="1" name="pruebas.Laboratorio5_E2" time="0.144" errors="0" timestamp="2021-10-10T16:41:14 ART" skipped="0">
  <testcase classname="pruebas.Laboratorio5_E2" name="cargarArchivo" time="0.144"/>
  <system-out/>
</testsuite> <!-- pruebas.Laboratorio5_E2 -->
