<?xml version="1.0" encoding="UTF-8"?>
<!-- Generated by org.testng.reporters.JUnitReportReporter -->
<testsuite hostname="DELL-C0HKRC2" failures="0" tests="1" name="pruebas.Laboratorio5_E3" time="0.165" errors="0" timestamp="2021-10-10T17:04:28 ART" skipped="0">
  <testcase classname="pruebas.Laboratorio5_E3" name="cargarArchivo" time="0.165"/>
  <system-out/>
</testsuite> <!-- pruebas.Laboratorio5_E3 -->
