<?xml version="1.0" encoding="UTF-8"?>
<!-- Generated by org.testng.reporters.JUnitReportReporter -->
<testsuite hostname="DELL-C0HKRC2" failures="0" tests="2" name="pruebas.CrossBrowserTest" time="2.745" errors="0" timestamp="2021-10-02T20:47:47 ART" skipped="0">
  <testcase classname="pruebas.CrossBrowserTest" name="buscarPalabra" time="2.560"/>
  <system-out/>
  <testcase classname="pruebas.CrossBrowserTest" name="buscarPalabra" time="0.185"/>
  <system-out/>
</testsuite> <!-- pruebas.CrossBrowserTest -->
