<?xml version="1.0" encoding="UTF-8"?>
<!-- Generated by org.testng.reporters.JUnitReportReporter -->
<testsuite hostname="DELL-C0HKRC2" failures="0" tests="1" name="pruebas.Laboratorio5_E4" time="0.097" errors="0" timestamp="2021-10-10T17:34:32 ART" skipped="0">
  <testcase classname="pruebas.Laboratorio5_E4" name="cargarArchivo" time="0.097"/>
  <system-out/>
</testsuite> <!-- pruebas.Laboratorio5_E4 -->
