<?xml version="1.0" encoding="UTF-8"?>
<!-- Generated by org.testng.reporters.JUnitReportReporter -->
<testsuite hostname="DELL-C0HKRC2" failures="0" tests="5" name="pruebas.Laboratorio5_E1" time="26.435" errors="0" timestamp="2021-10-09T20:40:24 ART" skipped="0">
  <testcase classname="pruebas.Laboratorio5_E1" name="irRegistroLogin" time="5.112"/>
  <system-out/>
  <testcase classname="pruebas.Laboratorio5_E1" name="irRegistroLogin" time="5.285"/>
  <system-out/>
  <testcase classname="pruebas.Laboratorio5_E1" name="irRegistroLogin" time="4.824"/>
  <system-out/>
  <testcase classname="pruebas.Laboratorio5_E1" name="irRegistroLogin" time="4.936"/>
  <system-out/>
  <testcase classname="pruebas.Laboratorio5_E1" name="irRegistroLogin" time="6.278"/>
  <system-out/>
</testsuite> <!-- pruebas.Laboratorio5_E1 -->
