<?xml version="1.0" encoding="UTF-8"?>
<!-- Generated by org.testng.reporters.JUnitReportReporter -->
<testsuite hostname="DELL-C0HKRC2" failures="0" tests="1" name="Edit.EducacionIt.Laboratorio1" time="12.541" errors="0" timestamp="2021-10-02T19:44:07 ART" skipped="0">
  <testcase classname="Edit.EducacionIt.Laboratorio1" name="lab1_e1" time="12.541"/>
  <system-out/>
</testsuite> <!-- Edit.EducacionIt.Laboratorio1 -->
